[08/09/2022 16:21:53] Debug: Session id: d84a4d0b-1e10-4a56-81f0-a2ce4bdbd165
[08/09/2022 16:21:53] Debug: Code Processor information: Name :SnowConvert, Version: 7.11.61.0
[08/09/2022 16:21:54] Debug: Getting license
[08/09/2022 16:21:54] Debug: License information
	Status: Failed
	Message: No active license available.
[08/09/2022 16:21:54] Info: Starting to validate parameters
[08/09/2022 16:21:54] Info: Parameters to validate: 
	Execution mode: Conversion
	LICENSE_KEY: a3372138-b87e-4a08-b929-3b48b24c63f1
[08/09/2022 16:21:54] Info: Validation of parameters: Success
[08/09/2022 16:21:54] Debug: Getting code descriptor
[08/09/2022 16:21:54] Debug: Code descriptor information
	Units: 51
	Units type: LOC
	All file bytes: 2141
	All found extensions: .sql,.dml,.ddl,.bteq,.btq,.fl,.fload,.ml,.mload,.mld,.tp,.tpump,.tpt
[08/09/2022 16:21:54] Debug: Calculating fingerprint
[08/09/2022 16:21:54] Debug: Fingerprint information Fingerprint(size=2141,projects=1)
[08/09/2022 16:21:54] Info: Starting to try to validate online license for execution
[08/09/2022 16:21:57] Debug: Getting license
[08/09/2022 16:21:57] Debug: License information
	Status: Failed
	Message: No active license available.
[08/09/2022 16:21:57] Debug: Starting the execution of the controller
[08/09/2022 16:21:59] Debug: Executing the worker: SnowConvert
[08/09/2022 16:22:11] Debug: Finished executing the worker: SnowConvert
[08/09/2022 16:22:13] Info: Controller execution ended
